Using pre-set license
Built from '2020.3/china_unity/release' branch; Version is '2020.3.16f1c1 (52703c1271a5) revision 5402684'; Using compiler version '192528614'; Build Type 'Release'
OS: 'Windows 10 Pro; OS build 19044.1766; Version 2009; 64bit' Language: 'zh' Physical Memory: 8062 MB
BatchMode: 1, IsHumanControllingUs: 0, StartBugReporterOnCrash: 0, Is64bit: 1, IsPro: 0

 COMMAND LINE ARGUMENTS:
D:\unity3d\新建文件夹\Unity\Editor\Unity.exe
-adb2
-batchMode
-noUpm
-name
AssetImportWorker0
-projectPath
E:/unityfied/Asoul自走棋
-logFile
Logs/AssetImportWorker0.log
-srvPort
50799
Successfully changed project path to: E:/unityfied/Asoul自走棋
E:/unityfied/Asoul自走棋
Using Asset Import Pipeline V2.
AS: AutoStreaming module initializing.Refreshing native plugins compatible for Editor in 71.10 ms, found 3 plugins.
Preloading 0 native plugins for Editor in 0.00 ms.
Initialize engine version: 2020.3.16f1c1 (52703c1271a5)
[Subsystems] Discovering subsystems at path D:/unity3d/新建文件夹/Unity/Editor/Data/Resources/UnitySubsystems
[Subsystems] Discovering subsystems at path E:/unityfied/Asoul自走棋/Assets
GfxDevice: creating device client; threaded=0
Direct3D:
    Version:  Direct3D 11.0 [level 11.1]
    Renderer: NVIDIA GeForce GTX 1060 (ID=0x1c20)
    Vendor:   
    VRAM:     6052 MB
    Driver:   30.0.15.1179
Initialize mono
Mono path[0] = 'D:/unity3d/新建文件夹/Unity/Editor/Data/Managed'
Mono path[1] = 'D:/unity3d/新建文件夹/Unity/Editor/Data/MonoBleedingEdge/lib/mono/unityjit'
Mono config path = 'D:/unity3d/新建文件夹/Unity/Editor/Data/MonoBleedingEdge/etc'
Using monoOptions --debugger-agent=transport=dt_socket,embedding=1,server=y,suspend=n,address=127.0.0.1:56304
Begin MonoManager ReloadAssembly
Registering precompiled unity dll's ...
Register platform support module: D:/unity3d/新建文件夹/Unity/Editor/Data/PlaybackEngines/WindowsStandaloneSupport/UnityEditor.WindowsStandalone.Extensions.dll
Registered in 0.001076 seconds.
Native extension for WindowsStandalone target not found
Refreshing native plugins compatible for Editor in 69.87 ms, found 3 plugins.
Preloading 0 native plugins for Editor in 0.00 ms.
Mono: successfully reloaded assembly
- Completed reload, in  0.906 seconds
Domain Reload Profiling:
	ReloadAssembly (906ms)
		BeginReloadAssembly (48ms)
			ExecutionOrderSort (0ms)
			DisableScriptedObjects (0ms)
			BackupInstance (0ms)
			ReleaseScriptingObjects (0ms)
			CreateAndSetChildDomain (1ms)
		EndReloadAssembly (417ms)
			LoadAssemblies (47ms)
			RebuildTransferFunctionScriptingTraits (0ms)
			SetupTypeCache (141ms)
			ReleaseScriptCaches (0ms)
			RebuildScriptCaches (31ms)
			SetupLoadedEditorAssemblies (187ms)
				LogAssemblyErrors (0ms)
				InitializePlatformSupportModulesInManaged (3ms)
				SetLoadedEditorAssemblies (0ms)
				RefreshPlugins (70ms)
				BeforeProcessingInitializeOnLoad (14ms)
				ProcessInitializeOnLoadAttributes (74ms)
				ProcessInitializeOnLoadMethodAttributes (26ms)
				AfterProcessingInitializeOnLoad (0ms)
				EditorAssembliesLoaded (0ms)
			ExecutionOrderSort2 (0ms)
			AwakeInstancesAfterBackupRestoration (0ms)
Platform modules already initialized, skipping
Registering precompiled user dll's ...
Registered in 0.002821 seconds.
Begin MonoManager ReloadAssembly
Native extension for WindowsStandalone target not found
Refreshing native plugins compatible for Editor in 71.90 ms, found 3 plugins.
Preloading 0 native plugins for Editor in 0.00 ms.
Mono: successfully reloaded assembly
- Completed reload, in  1.173 seconds
Domain Reload Profiling:
	ReloadAssembly (1174ms)
		BeginReloadAssembly (130ms)
			ExecutionOrderSort (0ms)
			DisableScriptedObjects (4ms)
			BackupInstance (0ms)
			ReleaseScriptingObjects (0ms)
			CreateAndSetChildDomain (17ms)
		EndReloadAssembly (991ms)
			LoadAssemblies (79ms)
			RebuildTransferFunctionScriptingTraits (0ms)
			SetupTypeCache (300ms)
			ReleaseScriptCaches (1ms)
			RebuildScriptCaches (56ms)
			SetupLoadedEditorAssemblies (439ms)
				LogAssemblyErrors (0ms)
				InitializePlatformSupportModulesInManaged (3ms)
				SetLoadedEditorAssemblies (0ms)
				RefreshPlugins (72ms)
				BeforeProcessingInitializeOnLoad (78ms)
				ProcessInitializeOnLoadAttributes (272ms)
				ProcessInitializeOnLoadMethodAttributes (11ms)
				AfterProcessingInitializeOnLoad (2ms)
				EditorAssembliesLoaded (0ms)
			ExecutionOrderSort2 (0ms)
			AwakeInstancesAfterBackupRestoration (6ms)
Platform modules already initialized, skipping
========================================================================
Worker process is ready to serve import requests
Launched and connected shader compiler UnityShaderCompiler.exe after 0.31 seconds
Refreshing native plugins compatible for Editor in 0.72 ms, found 3 plugins.
Preloading 0 native plugins for Editor in 0.00 ms.
Unloading 2389 Unused Serialized files (Serialized files now loaded: 0)
System memory in use before: 118.4 MB.
System memory in use after: 118.6 MB.

Unloading 28 unused Assets to reduce memory usage. Loaded Objects now: 2848.
Total: 3.159300 ms (FindLiveObjects: 0.242300 ms CreateObjectMapping: 0.096200 ms MarkObjects: 2.793700 ms  DeleteObjects: 0.026000 ms)

AssetImportParameters requested are different than current active one (requested -> active):
  custom:framework-win-MediaFoundation: 216162199b28c13a410421893ffa2e32 -> 
  custom:video-decoder-ogg-theora: a1e56fd34408186e4bbccfd4996cb3dc -> 
  custom:container-muxer-webm: aa71ff27fc2769a1b78a27578f13a17b -> 
  custom:container-demuxer-webm: 4f35f7cbe854078d1ac9338744f61a02 -> 
  custom:container-demuxer-ogg: 62fdf1f143b41e24485cea50d1cbac27 -> 
  custom:video-encoder-webm-vp8: eb34c28f22e8b96e1ab97ce403110664 -> 
  custom:video-decoder-webm-vp8: 9c59270c3fd7afecdb556c50c9e8de78 -> 
  custom:audio-decoder-ogg-vorbis: bf7c407c2cedff20999df2af8eb42d56 -> 
  custom:audio-encoder-webm-vorbis: bf7c407c2cedff20999df2af8eb42d56 -> 
========================================================================
Received Import Request.
  path: Assets/Sprite/Monster/间谍过家家/剪刀妹.png
  artifactKey: Guid(598e0ed2f7097714d89efc16d677b0c6) Importer(815301076,1909f56bfc062723c751e8b465ee728b)
Start importing Assets/Sprite/Monster/间谍过家家/剪刀妹.png using Guid(598e0ed2f7097714d89efc16d677b0c6) Importer(815301076,1909f56bfc062723c751e8b465ee728b)  -> (artifact id: 'a9bcb5ed1964c66b9cf55bbcae2aeb3d') in 0.105195 seconds 
  Import took 0.200372 seconds .

========================================================================
Received Import Request.
  Time since last request: 1.801111 seconds.
  path: Assets/Sprite/Monster/间谍过家家/剪刀妹.png
  artifactKey: Guid(598e0ed2f7097714d89efc16d677b0c6) Importer(815301076,1909f56bfc062723c751e8b465ee728b)
Start importing Assets/Sprite/Monster/间谍过家家/剪刀妹.png using Guid(598e0ed2f7097714d89efc16d677b0c6) Importer(815301076,1909f56bfc062723c751e8b465ee728b)  -> (artifact id: '9da2ace3c3fedecdb8c5154d7737d20f') in 0.009226 seconds 
  Import took 0.074614 seconds .

========================================================================
Received Import Request.
  Time since last request: 9.135749 seconds.
  path: Assets/Sprite/Monster/间谍过家家/剪刀妹.png
  artifactKey: Guid(598e0ed2f7097714d89efc16d677b0c6) Importer(815301076,1909f56bfc062723c751e8b465ee728b)
Start importing Assets/Sprite/Monster/间谍过家家/剪刀妹.png using Guid(598e0ed2f7097714d89efc16d677b0c6) Importer(815301076,1909f56bfc062723c751e8b465ee728b)  -> (artifact id: '5f51dbf33aaf6adfa015fe8f35a23b2f') in 0.952044 seconds 
  Import took 1.005498 seconds .

========================================================================
Received Import Request.
  Time since last request: 8.060085 seconds.
  path: Assets/Sprite/Monster/间谍过家家/剪刀妹.png
  artifactKey: Guid(598e0ed2f7097714d89efc16d677b0c6) Importer(815301076,1909f56bfc062723c751e8b465ee728b)
Start importing Assets/Sprite/Monster/间谍过家家/剪刀妹.png using Guid(598e0ed2f7097714d89efc16d677b0c6) Importer(815301076,1909f56bfc062723c751e8b465ee728b)  -> (artifact id: '3432e8f30473fa5a17b1d0623bdc1339') in 0.748825 seconds 
  Import took 0.810424 seconds .

========================================================================
Received Import Request.
  Time since last request: 38.162667 seconds.
  path: Assets/Sprite/Monster/间谍过家家/剪刀妹.png
  artifactKey: Guid(598e0ed2f7097714d89efc16d677b0c6) Importer(815301076,1909f56bfc062723c751e8b465ee728b)
Start importing Assets/Sprite/Monster/间谍过家家/剪刀妹.png using Guid(598e0ed2f7097714d89efc16d677b0c6) Importer(815301076,1909f56bfc062723c751e8b465ee728b)  -> (artifact id: '2d3604e9a1d28c01f45b69332d9ad199') in 1.034669 seconds 
  Import took 1.086307 seconds .

AssetImportWorkerClient::OnTransportError - code=2 error=End of file
