Using pre-set license
Built from '2020.3/china_unity/release' branch; Version is '2020.3.16f1c1 (52703c1271a5) revision 5402684'; Using compiler version '192528614'; Build Type 'Release'
OS: 'Windows 10 Pro; OS build 19044.1706; Version 2009; 64bit' Language: 'zh' Physical Memory: 8062 MB
BatchMode: 1, IsHumanControllingUs: 0, StartBugReporterOnCrash: 0, Is64bit: 1, IsPro: 0

 COMMAND LINE ARGUMENTS:
D:\unity3d\新建文件夹\Unity\Editor\Unity.exe
-adb2
-batchMode
-noUpm
-name
AssetImportWorker0
-projectPath
E:/unityfied/Asoul自走棋
-logFile
Logs/AssetImportWorker0.log
-srvPort
50855
Successfully changed project path to: E:/unityfied/Asoul自走棋
E:/unityfied/Asoul自走棋
Using Asset Import Pipeline V2.
AS: AutoStreaming module initializing.Refreshing native plugins compatible for Editor in 70.98 ms, found 3 plugins.
Preloading 0 native plugins for Editor in 0.00 ms.
Initialize engine version: 2020.3.16f1c1 (52703c1271a5)
[Subsystems] Discovering subsystems at path D:/unity3d/新建文件夹/Unity/Editor/Data/Resources/UnitySubsystems
[Subsystems] Discovering subsystems at path E:/unityfied/Asoul自走棋/Assets
GfxDevice: creating device client; threaded=0
Direct3D:
    Version:  Direct3D 11.0 [level 11.1]
    Renderer: NVIDIA GeForce GTX 1060 (ID=0x1c20)
    Vendor:   
    VRAM:     6052 MB
    Driver:   30.0.15.1179
Initialize mono
Mono path[0] = 'D:/unity3d/新建文件夹/Unity/Editor/Data/Managed'
Mono path[1] = 'D:/unity3d/新建文件夹/Unity/Editor/Data/MonoBleedingEdge/lib/mono/unityjit'
Mono config path = 'D:/unity3d/新建文件夹/Unity/Editor/Data/MonoBleedingEdge/etc'
Using monoOptions --debugger-agent=transport=dt_socket,embedding=1,server=y,suspend=n,address=127.0.0.1:56696
Begin MonoManager ReloadAssembly
Registering precompiled unity dll's ...
Register platform support module: D:/unity3d/新建文件夹/Unity/Editor/Data/PlaybackEngines/WindowsStandaloneSupport/UnityEditor.WindowsStandalone.Extensions.dll
Registered in 0.000952 seconds.
Native extension for WindowsStandalone target not found
Refreshing native plugins compatible for Editor in 68.38 ms, found 3 plugins.
Preloading 0 native plugins for Editor in 0.00 ms.
Mono: successfully reloaded assembly
- Completed reload, in  0.911 seconds
Domain Reload Profiling:
	ReloadAssembly (911ms)
		BeginReloadAssembly (46ms)
			ExecutionOrderSort (0ms)
			DisableScriptedObjects (0ms)
			BackupInstance (0ms)
			ReleaseScriptingObjects (0ms)
			CreateAndSetChildDomain (1ms)
		EndReloadAssembly (471ms)
			LoadAssemblies (46ms)
			RebuildTransferFunctionScriptingTraits (0ms)
			SetupTypeCache (139ms)
			ReleaseScriptCaches (0ms)
			RebuildScriptCaches (29ms)
			SetupLoadedEditorAssemblies (184ms)
				LogAssemblyErrors (0ms)
				InitializePlatformSupportModulesInManaged (3ms)
				SetLoadedEditorAssemblies (0ms)
				RefreshPlugins (68ms)
				BeforeProcessingInitializeOnLoad (14ms)
				ProcessInitializeOnLoadAttributes (72ms)
				ProcessInitializeOnLoadMethodAttributes (26ms)
				AfterProcessingInitializeOnLoad (0ms)
				EditorAssembliesLoaded (0ms)
			ExecutionOrderSort2 (0ms)
			AwakeInstancesAfterBackupRestoration (0ms)
Platform modules already initialized, skipping
Registering precompiled user dll's ...
Registered in 0.002822 seconds.
Begin MonoManager ReloadAssembly
Native extension for WindowsStandalone target not found
Refreshing native plugins compatible for Editor in 134.78 ms, found 3 plugins.
Preloading 0 native plugins for Editor in 0.00 ms.
Mono: successfully reloaded assembly
- Completed reload, in  1.333 seconds
Domain Reload Profiling:
	ReloadAssembly (1333ms)
		BeginReloadAssembly (197ms)
			ExecutionOrderSort (0ms)
			DisableScriptedObjects (4ms)
			BackupInstance (0ms)
			ReleaseScriptingObjects (0ms)
			CreateAndSetChildDomain (18ms)
		EndReloadAssembly (1084ms)
			LoadAssemblies (79ms)
			RebuildTransferFunctionScriptingTraits (0ms)
			SetupTypeCache (337ms)
			ReleaseScriptCaches (0ms)
			RebuildScriptCaches (54ms)
			SetupLoadedEditorAssemblies (497ms)
				LogAssemblyErrors (0ms)
				InitializePlatformSupportModulesInManaged (3ms)
				SetLoadedEditorAssemblies (0ms)
				RefreshPlugins (135ms)
				BeforeProcessingInitializeOnLoad (74ms)
				ProcessInitializeOnLoadAttributes (271ms)
				ProcessInitializeOnLoadMethodAttributes (12ms)
				AfterProcessingInitializeOnLoad (2ms)
				EditorAssembliesLoaded (0ms)
			ExecutionOrderSort2 (0ms)
			AwakeInstancesAfterBackupRestoration (6ms)
Platform modules already initialized, skipping
========================================================================
Worker process is ready to serve import requests
Launched and connected shader compiler UnityShaderCompiler.exe after 0.11 seconds
Refreshing native plugins compatible for Editor in 0.81 ms, found 3 plugins.
Preloading 0 native plugins for Editor in 0.00 ms.
Unloading 2389 Unused Serialized files (Serialized files now loaded: 0)
System memory in use before: 118.4 MB.
System memory in use after: 118.6 MB.

Unloading 28 unused Assets to reduce memory usage. Loaded Objects now: 2848.
Total: 3.132300 ms (FindLiveObjects: 0.229500 ms CreateObjectMapping: 0.094400 ms MarkObjects: 2.786700 ms  DeleteObjects: 0.020700 ms)

AssetImportParameters requested are different than current active one (requested -> active):
  custom:framework-win-MediaFoundation: 216162199b28c13a410421893ffa2e32 -> 
  custom:video-decoder-ogg-theora: a1e56fd34408186e4bbccfd4996cb3dc -> 
  custom:container-muxer-webm: aa71ff27fc2769a1b78a27578f13a17b -> 
  custom:container-demuxer-webm: 4f35f7cbe854078d1ac9338744f61a02 -> 
  custom:container-demuxer-ogg: 62fdf1f143b41e24485cea50d1cbac27 -> 
  custom:video-encoder-webm-vp8: eb34c28f22e8b96e1ab97ce403110664 -> 
  custom:video-decoder-webm-vp8: 9c59270c3fd7afecdb556c50c9e8de78 -> 
  custom:audio-decoder-ogg-vorbis: bf7c407c2cedff20999df2af8eb42d56 -> 
  custom:audio-encoder-webm-vorbis: bf7c407c2cedff20999df2af8eb42d56 -> 
========================================================================
Received Import Request.
  path: Assets/Sprite/Monster/间谍过家家/yueer_Idle.png
  artifactKey: Guid(e0a3d2bc56ba7c94daf5db53ab023d60) Importer(815301076,1909f56bfc062723c751e8b465ee728b)
Start importing Assets/Sprite/Monster/间谍过家家/yueer_Idle.png using Guid(e0a3d2bc56ba7c94daf5db53ab023d60) Importer(815301076,1909f56bfc062723c751e8b465ee728b)  -> (artifact id: 'd1375d1b98b46ea92b33efb9e53bfd35') in 0.103293 seconds 
  Import took 0.174996 seconds .

========================================================================
Received Import Request.
  Time since last request: 4.145575 seconds.
  path: Assets/Sprite/Monster/间谍过家家/yueer_Idle.png
  artifactKey: Guid(e0a3d2bc56ba7c94daf5db53ab023d60) Importer(815301076,1909f56bfc062723c751e8b465ee728b)
Start importing Assets/Sprite/Monster/间谍过家家/yueer_Idle.png using Guid(e0a3d2bc56ba7c94daf5db53ab023d60) Importer(815301076,1909f56bfc062723c751e8b465ee728b)  -> (artifact id: '8d510723c1096912841f074b2b1b1731') in 0.006872 seconds 
  Import took 0.101147 seconds .

========================================================================
Received Import Request.
  Time since last request: 13.649593 seconds.
  path: Assets/Sprite/Monster/间谍过家家/yueer_Idle.png
  artifactKey: Guid(e0a3d2bc56ba7c94daf5db53ab023d60) Importer(815301076,1909f56bfc062723c751e8b465ee728b)
Start importing Assets/Sprite/Monster/间谍过家家/yueer_Idle.png using Guid(e0a3d2bc56ba7c94daf5db53ab023d60) Importer(815301076,1909f56bfc062723c751e8b465ee728b)  -> (artifact id: 'caaaac9ed4f26bd6d79c45d811ec5f74') in 0.009858 seconds 
  Import took 0.043446 seconds .

========================================================================
Received Import Request.
  Time since last request: 14.443561 seconds.
  path: Assets/Sprite/Monster/间谍过家家/yueer_Idle.png
  artifactKey: Guid(e0a3d2bc56ba7c94daf5db53ab023d60) Importer(815301076,1909f56bfc062723c751e8b465ee728b)
Start importing Assets/Sprite/Monster/间谍过家家/yueer_Idle.png using Guid(e0a3d2bc56ba7c94daf5db53ab023d60) Importer(815301076,1909f56bfc062723c751e8b465ee728b)  -> (artifact id: 'deca72707f852395dee5728f64a83294') in 0.040124 seconds 
  Import took 0.059715 seconds .

========================================================================
Received Import Request.
  Time since last request: 369.049948 seconds.
  path: Assets/Sprite/Monster/间谍过家家/yueer1-export.png
  artifactKey: Guid(dd7a8264af31f2b49bd3d6a3b4a31b9a) Importer(815301076,1909f56bfc062723c751e8b465ee728b)
Start importing Assets/Sprite/Monster/间谍过家家/yueer1-export.png using Guid(dd7a8264af31f2b49bd3d6a3b4a31b9a) Importer(815301076,1909f56bfc062723c751e8b465ee728b)  -> (artifact id: 'b3e838ed6b322e9e9b3150c3aacb0e3e') in 0.046638 seconds 
  Import took 0.094658 seconds .

